<?xml version="1.0" encoding="UTF-8"?>
<!-- Generated by org.testng.reporters.JUnitXMLReporter -->
<testsuite ignored="0" hostname="DESKTOP-537ILOA" failures="1" tests="1" name="Test" time="87.95" errors="0" timestamp="2025-01-16T17:54:28 IST">
  <testcase classname="testBase.LoginTest" name="Verify_Login" time="5.921">
    <failure type="java.lang.AssertionError" message="expected [true] but found [false]">
      <![CDATA[java.lang.AssertionError: expected [true] but found [false]
at testBase.LoginTest.Verify_Login(LoginTest.java:44)
at java.base/java.util.ArrayList.forEach(ArrayList.java:1511)
... Removed 33 stack frames]]>
    </failure>
  </testcase> <!-- Verify_Login -->
</testsuite> <!-- Test -->
